<?xml version="1.0" encoding="UTF-8"?>
<!-- Generated by org.testng.reporters.JUnitReportReporter -->
<testsuite skipped="0" hostname="Jawahar-PC" name="testClasses.TC_AddCustomerTest_003" tests="1" failures="0" timestamp="2020-12-22T17:08:28 IST" time="25.902" errors="0">
  <testcase name="addNewCustomer" time="25.902" classname="testClasses.TC_AddCustomerTest_003"/>
  <system-out/>
</testsuite> <!-- testClasses.TC_AddCustomerTest_003 -->
