<?xml version="1.0" encoding="UTF-8"?>
<!-- Generated by org.testng.reporters.JUnitReportReporter -->
<testsuite skipped="0" hostname="Jawahar-PC" name="testClasses.TC_LoginTest_001" tests="1" failures="0" timestamp="2020-12-22T17:08:28 IST" time="3.424" errors="0">
  <testcase name="LoginTest" time="3.424" classname="testClasses.TC_LoginTest_001"/>
  <system-out/>
</testsuite> <!-- testClasses.TC_LoginTest_001 -->
