<?xml version="1.0" encoding="UTF-8"?>
<!-- Generated by org.testng.reporters.JUnitReportReporter -->
<testsuite name="testClasses.TC_AddCustomerTest_003" tests="1" time="21.151" ignored="0" failures="0" timestamp="22 Dec 2020 13:03:19 GMT" skipped="0" hostname="Jawahar-PC" errors="0">
  <testcase name="addNewCustomer" time="21.151" classname="testClasses.TC_AddCustomerTest_003"/>
</testsuite> <!-- testClasses.TC_AddCustomerTest_003 -->
